QRcode-Scanner/app/build/intermediates/manifest_merge_blame_file/debug/manifest-merger-blame-debug-report.txt
1<?xml version="1.0" encoding="utf-8"?>
2<manifest xmlns:android="http://schemas.android.com/apk/res/android"
3    package="com.example.myapplication"
4    android:versionCode="1"
5    android:versionName="1.0" >
6
7    <uses-sdk
8        android:minSdkVersion="15"
8-->src\main\AndroidManifest.xml
9        android:targetSdkVersion="28" />
9-->src\main\AndroidManifest.xml
10
11    <uses-permission android:name="android.permission.CAMERA" />
11-->src\main\AndroidManifest.xml:6:5-65
11-->src\main\AndroidManifest.xml:6:22-62
12    <uses-permission android:name="android.permission.WRITE_EXTERNAL_STORAGE" />
12-->src\main\AndroidManifest.xml:7:5-81
12-->src\main\AndroidManifest.xml:7:22-78
13    <uses-permission android:name="android.permission.INTERNET" />
13-->src\main\AndroidManifest.xml:8:5-67
13-->src\main\AndroidManifest.xml:8:22-64
14
15    <!-- Don't require camera, as this requires a rear camera. This allows it to work on the Nexus 7 -->
16    <uses-feature
16-->[com.journeyapps:zxing-android-embedded:3.5.0] AndroidManifest.xml:24:5-26:36
17        android:name="android.hardware.camera"
17-->[com.journeyapps:zxing-android-embedded:3.5.0] AndroidManifest.xml:25:9-47
18        android:required="false" />
18-->[com.journeyapps:zxing-android-embedded:3.5.0] AndroidManifest.xml:26:9-33
19    <uses-feature
19-->[com.journeyapps:zxing-android-embedded:3.5.0] AndroidManifest.xml:27:5-29:36
20        android:name="android.hardware.camera.front"
20-->[com.journeyapps:zxing-android-embedded:3.5.0] AndroidManifest.xml:28:9-53
21        android:required="false" /> <!-- TODO replace above two with next line after Android 4.2 -->
21-->[com.journeyapps:zxing-android-embedded:3.5.0] AndroidManifest.xml:29:9-33
22    <!-- <uses-feature android:name="android.hardware.camera.any"/> -->
23    <uses-feature
23-->[com.journeyapps:zxing-android-embedded:3.5.0] AndroidManifest.xml:32:5-34:36
24        android:name="android.hardware.camera.autofocus"
24-->[com.journeyapps:zxing-android-embedded:3.5.0] AndroidManifest.xml:33:9-57
25        android:required="false" />
25-->[com.journeyapps:zxing-android-embedded:3.5.0] AndroidManifest.xml:34:9-33
26    <uses-feature
26-->[com.journeyapps:zxing-android-embedded:3.5.0] AndroidManifest.xml:35:5-37:36
27        android:name="android.hardware.camera.flash"
27-->[com.journeyapps:zxing-android-embedded:3.5.0] AndroidManifest.xml:36:9-53
28        android:required="false" />
28-->[com.journeyapps:zxing-android-embedded:3.5.0] AndroidManifest.xml:37:9-33
29    <uses-feature
29-->[com.journeyapps:zxing-android-embedded:3.5.0] AndroidManifest.xml:38:5-40:36
30        android:name="android.hardware.screen.landscape"
30-->[com.journeyapps:zxing-android-embedded:3.5.0] AndroidManifest.xml:39:9-57
31        android:required="false" />
31-->[com.journeyapps:zxing-android-embedded:3.5.0] AndroidManifest.xml:40:9-33
32    <uses-feature
32-->[com.journeyapps:zxing-android-embedded:3.5.0] AndroidManifest.xml:41:5-43:36
33        android:name="android.hardware.wifi"
33-->[com.journeyapps:zxing-android-embedded:3.5.0] AndroidManifest.xml:42:9-45
34        android:required="false" />
34-->[com.journeyapps:zxing-android-embedded:3.5.0] AndroidManifest.xml:43:9-33
35
36    <application
36-->src\main\AndroidManifest.xml:10:5-42:19
37        android:allowBackup="true"
37-->src\main\AndroidManifest.xml:11:9-35
38        android:appComponentFactory="android.support.v4.app.CoreComponentFactory"
38-->[com.android.support:support-compat:28.0.0] AndroidManifest.xml:22:18-91
39        android:debuggable="true"
40        android:icon="@mipmap/ic_launcher"
40-->src\main\AndroidManifest.xml:12:9-43
41        android:label="@string/app_name"
41-->src\main\AndroidManifest.xml:13:9-41
42        android:networkSecurityConfig="@xml/network_security_config"
42-->src\main\AndroidManifest.xml:14:9-69
43        android:roundIcon="@mipmap/ic_launcher_round"
43-->src\main\AndroidManifest.xml:15:9-54
44        android:supportsRtl="true"
44-->src\main\AndroidManifest.xml:16:9-35
45        android:testOnly="true"
46        android:theme="@style/AppTheme" >
46-->src\main\AndroidManifest.xml:17:9-40
47        <receiver
47-->src\main\AndroidManifest.xml:18:9-25:20
48            android:name="com.example.myapplication.AlarmReceiver"
48-->src\main\AndroidManifest.xml:19:13-42
49            android:enabled="true"
49-->src\main\AndroidManifest.xml:20:13-35
50            android:exported="true" >
50-->src\main\AndroidManifest.xml:21:13-36
51            <intent-filter>
51-->src\main\AndroidManifest.xml:22:13-24:29
52                <action android:name="activity_app" />
52-->src\main\AndroidManifest.xml:23:17-55
52-->src\main\AndroidManifest.xml:23:25-52
53            </intent-filter>
54        </receiver>
55
56        <activity android:name="com.example.myapplication.Page2" />
56-->src\main\AndroidManifest.xml:27:9-43
56-->src\main\AndroidManifest.xml:27:19-40
57        <activity
57-->src\main\AndroidManifest.xml:28:9-31:49
58            android:name="com.journeyapps.barcodescanner.CaptureActivity"
58-->src\main\AndroidManifest.xml:29:13-74
59            android:clearTaskOnLaunch="true"
59-->[com.journeyapps:zxing-android-embedded:3.5.0] AndroidManifest.xml:48:13-45
60            android:screenOrientation="fullSensor"
60-->src\main\AndroidManifest.xml:30:13-51
61            android:stateNotNeeded="true"
61-->[com.journeyapps:zxing-android-embedded:3.5.0] AndroidManifest.xml:50:13-42
62            android:theme="@style/zxing_CaptureTheme"
62-->[com.journeyapps:zxing-android-embedded:3.5.0] AndroidManifest.xml:51:13-54
63            android:windowSoftInputMode="stateAlwaysHidden" />
63-->[com.journeyapps:zxing-android-embedded:3.5.0] AndroidManifest.xml:52:13-60
64        <activity
64-->src\main\AndroidManifest.xml:32:9-41:20
65            android:name="com.example.myapplication.MainActivity"
65-->src\main\AndroidManifest.xml:33:13-41
66            android:label="@string/app_name"
66-->src\main\AndroidManifest.xml:34:13-45
67            android:theme="@style/AppTheme.NoActionBar" >
67-->src\main\AndroidManifest.xml:35:13-56
68            <intent-filter>
68-->src\main\AndroidManifest.xml:36:13-40:29
69                <action android:name="android.intent.action.MAIN" />
69-->src\main\AndroidManifest.xml:37:17-69
69-->src\main\AndroidManifest.xml:37:25-66
70
71                <category android:name="android.intent.category.LAUNCHER" />
71-->src\main\AndroidManifest.xml:39:17-77
71-->src\main\AndroidManifest.xml:39:27-74
72            </intent-filter>
73        </activity>
74        <activity
74-->[com.google.android.gms:play-services-base:11.0.4] AndroidManifest.xml:19:9-172
75            android:name="com.google.android.gms.common.api.GoogleApiActivity"
75-->[com.google.android.gms:play-services-base:11.0.4] AndroidManifest.xml:19:19-85
76            android:exported="false"
76-->[com.google.android.gms:play-services-base:11.0.4] AndroidManifest.xml:19:146-170
77            android:theme="@android:style/Theme.Translucent.NoTitleBar" />
77-->[com.google.android.gms:play-services-base:11.0.4] AndroidManifest.xml:19:86-145
78
79        <meta-data
79-->[com.google.android.gms:play-services-basement:11.0.4] AndroidManifest.xml:20:9-121
80            android:name="com.google.android.gms.version"
80-->[com.google.android.gms:play-services-basement:11.0.4] AndroidManifest.xml:20:20-65
81            android:value="@integer/google_play_services_version" />
81-->[com.google.android.gms:play-services-basement:11.0.4] AndroidManifest.xml:20:66-119
82    </application>
83
84</manifest>